Determining if the pthread_create exist failed with the following output:
Change Dir: /home/brains/worm_simulation/interact/worm-simulation/build2/CMakeFiles/CMakeTmp

Run Build Command:"/usr/bin/make" "cmTC_cdeb3/fast"
/usr/bin/make -f CMakeFiles/cmTC_cdeb3.dir/build.make CMakeFiles/cmTC_cdeb3.dir/build
make[1]: Entering directory '/home/brains/worm_simulation/interact/worm-simulation/build2/CMakeFiles/CMakeTmp'
Building C object CMakeFiles/cmTC_cdeb3.dir/CheckSymbolExists.c.o
/usr/bin/cc   -fPIC    -o CMakeFiles/cmTC_cdeb3.dir/CheckSymbolExists.c.o   -c /home/brains/worm_simulation/interact/worm-simulation/build2/CMakeFiles/CMakeTmp/CheckSymbolExists.c
Linking C executable cmTC_cdeb3
/usr/bin/cmake -E cmake_link_script CMakeFiles/cmTC_cdeb3.dir/link.txt --verbose=1
/usr/bin/cc -fPIC     -rdynamic CMakeFiles/cmTC_cdeb3.dir/CheckSymbolExists.c.o  -o cmTC_cdeb3 
CMakeFiles/cmTC_cdeb3.dir/CheckSymbolExists.c.o: In function `main':
CheckSymbolExists.c:(.text+0x1b): undefined reference to `pthread_create'
collect2: error: ld returned 1 exit status
CMakeFiles/cmTC_cdeb3.dir/build.make:97: recipe for target 'cmTC_cdeb3' failed
make[1]: *** [cmTC_cdeb3] Error 1
make[1]: Leaving directory '/home/brains/worm_simulation/interact/worm-simulation/build2/CMakeFiles/CMakeTmp'
Makefile:126: recipe for target 'cmTC_cdeb3/fast' failed
make: *** [cmTC_cdeb3/fast] Error 2

File /home/brains/worm_simulation/interact/worm-simulation/build2/CMakeFiles/CMakeTmp/CheckSymbolExists.c:
/* */
#include <pthread.h>

int main(int argc, char** argv)
{
  (void)argv;
#ifndef pthread_create
  return ((int*)(&pthread_create))[argc];
#else
  (void)argc;
  return 0;
#endif
}

Determining if the function pthread_create exists in the pthreads failed with the following output:
Change Dir: /home/brains/worm_simulation/interact/worm-simulation/build2/CMakeFiles/CMakeTmp

Run Build Command:"/usr/bin/make" "cmTC_16abf/fast"
/usr/bin/make -f CMakeFiles/cmTC_16abf.dir/build.make CMakeFiles/cmTC_16abf.dir/build
make[1]: Entering directory '/home/brains/worm_simulation/interact/worm-simulation/build2/CMakeFiles/CMakeTmp'
Building C object CMakeFiles/cmTC_16abf.dir/CheckFunctionExists.c.o
/usr/bin/cc   -fPIC -DCHECK_FUNCTION_EXISTS=pthread_create   -o CMakeFiles/cmTC_16abf.dir/CheckFunctionExists.c.o   -c /usr/share/cmake-3.10/Modules/CheckFunctionExists.c
Linking C executable cmTC_16abf
/usr/bin/cmake -E cmake_link_script CMakeFiles/cmTC_16abf.dir/link.txt --verbose=1
/usr/bin/cc -fPIC -DCHECK_FUNCTION_EXISTS=pthread_create    -rdynamic CMakeFiles/cmTC_16abf.dir/CheckFunctionExists.c.o  -o cmTC_16abf -lpthreads 
/usr/bin/ld: cannot find -lpthreads
collect2: error: ld returned 1 exit status
CMakeFiles/cmTC_16abf.dir/build.make:97: recipe for target 'cmTC_16abf' failed
make[1]: *** [cmTC_16abf] Error 1
make[1]: Leaving directory '/home/brains/worm_simulation/interact/worm-simulation/build2/CMakeFiles/CMakeTmp'
Makefile:126: recipe for target 'cmTC_16abf/fast' failed
make: *** [cmTC_16abf/fast] Error 2


